0 info it worked if it ends with ok
1 verbose cli [ '/usr/bin/nodejs', '/usr/bin/npm', 'edit', 'config' ]
2 info using npm@3.10.10
3 info using node@v6.11.0
4 warn invalid config proxy=""
5 warn invalid config Must be a full url with 'http://'
6 verbose stack Error: ENOENT: no such file or directory, lstat '/home/subhasis/NDL_Error_Log_Analysis/node_modules/config'
6 verbose stack     at Error (native)
7 verbose cwd /home/subhasis/NDL_Error_Log_Analysis
8 error Linux 4.8.0-36-generic
9 error argv "/usr/bin/nodejs" "/usr/bin/npm" "edit" "config"
10 error node v6.11.0
11 error npm  v3.10.10
12 error path /home/subhasis/NDL_Error_Log_Analysis/node_modules/config
13 error code ENOENT
14 error errno -2
15 error syscall lstat
16 error enoent ENOENT: no such file or directory, lstat '/home/subhasis/NDL_Error_Log_Analysis/node_modules/config'
17 error enoent ENOENT: no such file or directory, lstat '/home/subhasis/NDL_Error_Log_Analysis/node_modules/config'
17 error enoent This is most likely not a problem with npm itself
17 error enoent and is related to npm not being able to find a file.
18 verbose exit [ -2, true ]
